[90m2024-07-31T21:30:42.507Z[39m [32mDEBUG[39m [97m@wdio/browserstack-service[39m Sending SDK event with data {
  userName: 'leonardolima_CgfLm5',
  accessKey: 'ciBf1PHXqNysf7H1qAzj',
  event_type: 'SDKTestAttempted',
  detectedFramework: 'WebdriverIO-mocha',
  event_properties: {
    language_framework: 'WebdriverIO_mocha',
    referrer: 'WebdriverIO-mocha/8.39.1',
    language: 'WebdriverIO',
    languageVersion: 'v21.6.1',
    buildName: 'browserstack',
    buildIdentifier: 'undefined',
    sdkRunId: 'd642730d-f8ee-4b6e-b485-8047cbf550ba',
    os: 'Darwin',
    hostname: 'Leonardos-Laptop.local',
    productMap: {
      observability: true,
      accessibility: false,
      percy: false,
      automate: false,
      app_automate: true
    },
    product: [ 'observability', 'app-automate' ]
  }
}
[90m2024-07-31T21:30:43.033Z[39m [32mDEBUG[39m [97m@wdio/browserstack-service[39m Funnel event success
[90m2024-07-31T21:30:43.033Z[39m [96mINFO[39m [97m@wdio/browserstack-service[39m Using app: bs://c80791d3b2858f208dee6b3fbaef9b6e7087f792
[90m2024-07-31T21:30:43.034Z[39m [32mDEBUG[39m [97m@wdio/browserstack-service[39m Sending launch start event
[90m2024-07-31T21:30:44.352Z[39m [32mDEBUG[39m [97m@wdio/browserstack-service[39m [Start_Build] Success response: {"build_hashed_id":"pghxnsh9bqiyym3prtqccggjhpmngfdyka5xxmg8","jwt":"eyJhbGciOiJIUzI1NiJ9.eyJpc3MiOiJicm93c2Vyc3RhY2tfb2IiLCJzdWIiOiI2OTMxMjkyIiwiZ3JvdXBfaWQiOjU5OTk3NzIsInVzZXJfaWQiOjY5MzEyOTIsImJ1aWxkX2hhc2hlZF9pZCI6InBnaHhuc2g5YnFpeXltM3BydHFjY2dnamhwbW5nZmR5a2E1eHhtZzgiLCJwcm9qZWN0X25hbWUiOiJDbGVhbmVyIC0gQXV0b21hdGlvbiIsImhvb2tfYXNfdGVzdCI6IjEiLCJidWlsZF9uYW1lIjoiYnJvd3NlcnN0YWNrIiwicHJvZHVjdF9tYXAiOiJ7XCJvYnNlcnZhYmlsaXR5XCI6dHJ1ZX0iLCJncnJfcmVnaW9uIjoiIiwic2lnbmluZ19rZXlfaGFzaCI6IjU3OGZjYzQwNjA2ODkyOGYzMjc0NjRmZGNlMDViYmMzZWFkN2FlYzAzMDdjZTZiZTVkMzhkYWE0NzAyNjQ4OTYiLCJpYXQiOjE3MjI0NjE0NDQsImV4cCI6MTcyMjgwNzA0NH0.7o_39vR1dLH-I0_FXZjWXrQNA7s1XmhvHPpxDut32Gc","allow_screenshots":true}
[90m2024-07-31T21:30:44.353Z[39m [96mINFO[39m [97m@wdio/browserstack-service[39m browserstackLocal is not enabled - skipping...
[90m2024-07-31T21:31:04.448Z[39m [32mDEBUG[39m [97m@wdio/browserstack-service[39m Requesting Browserstack session URL at https://api-cloud.browserstack.com/app-automate/sessions/909f3b0998b8cc76e7fef685de2000d3a43884e1.json
[90m2024-07-31T21:31:05.444Z[39m [96mINFO[39m [97m@wdio/browserstack-service[39m  session: https://app-automate.browserstack.com/builds/29f198a00260297f63164138ae66a2eaef2e1b6c/sessions/909f3b0998b8cc76e7fef685de2000d3a43884e1
[90m2024-07-31T21:31:05.447Z[39m [96mINFO[39m [97m@wdio/browserstack-service[39m Update job with sessionId 909f3b0998b8cc76e7fef685de2000d3a43884e1
[90m2024-07-31T21:31:05.447Z[39m [32mDEBUG[39m [97m@wdio/browserstack-service[39m Updating Browserstack session at https://api-cloud.browserstack.com/app-automate/sessions/909f3b0998b8cc76e7fef685de2000d3a43884e1.json with request body: 
[90m2024-07-31T21:31:05.852Z[39m [96mINFO[39m [97m@wdio/browserstack-service[39m Update job with sessionId 909f3b0998b8cc76e7fef685de2000d3a43884e1
[90m2024-07-31T21:31:05.853Z[39m [32mDEBUG[39m [97m@wdio/browserstack-service[39m Updating Browserstack session at https://api-cloud.browserstack.com/app-automate/sessions/909f3b0998b8cc76e7fef685de2000d3a43884e1.json with request body: 
[90m2024-07-31T21:31:06.374Z[39m [32mDEBUG[39m [97m@wdio/browserstack-service[39m Added data to request queue. Queue length = 1
[90m2024-07-31T21:31:06.894Z[39m [32mDEBUG[39m [97m@wdio/browserstack-service[39m Added data to request queue. Queue length = 2
[90m2024-07-31T21:31:07.197Z[39m [32mDEBUG[39m [97m@wdio/browserstack-service[39m Added data to request queue. Queue length = 3
[90m2024-07-31T21:31:07.946Z[39m [32mDEBUG[39m [97m@wdio/browserstack-service[39m Added data to request queue. Queue length = 4
[90m2024-07-31T21:31:08.344Z[39m [32mDEBUG[39m [97m@wdio/browserstack-service[39m Added data to request queue. Queue length = 5
[90m2024-07-31T21:31:08.375Z[39m [32mDEBUG[39m [97m@wdio/browserstack-service[39m Sending data from request queue. Data length = 5, Queue length after removal = 0
[90m2024-07-31T21:31:08.376Z[39m [32mDEBUG[39m [97m@wdio/browserstack-service[39m calling callback with kind INTERVAL_QUEUE
[90m2024-07-31T21:31:08.376Z[39m [32mDEBUG[39m [97m@wdio/browserstack-service[39m callback: called with events 5
[90m2024-07-31T21:31:08.678Z[39m [32mDEBUG[39m [97m@wdio/browserstack-service[39m Added data to request queue. Queue length = 1
[90m2024-07-31T21:31:09.046Z[39m [32mDEBUG[39m [97m@wdio/browserstack-service[39m [BATCH_DATA] Success response: {"success":true}
[90m2024-07-31T21:31:09.047Z[39m [32mDEBUG[39m [97m@wdio/browserstack-service[39m callback: marking events success 5
[90m2024-07-31T21:31:09.514Z[39m [32mDEBUG[39m [97m@wdio/browserstack-service[39m Added data to request queue. Queue length = 2
[90m2024-07-31T21:31:09.907Z[39m [32mDEBUG[39m [97m@wdio/browserstack-service[39m Added data to request queue. Queue length = 3
[90m2024-07-31T21:31:10.216Z[39m [32mDEBUG[39m [97m@wdio/browserstack-service[39m Added data to request queue. Queue length = 4
[90m2024-07-31T21:31:10.377Z[39m [32mDEBUG[39m [97m@wdio/browserstack-service[39m Sending data from request queue. Data length = 4, Queue length after removal = 0
[90m2024-07-31T21:31:10.377Z[39m [32mDEBUG[39m [97m@wdio/browserstack-service[39m calling callback with kind INTERVAL_QUEUE
[90m2024-07-31T21:31:10.377Z[39m [32mDEBUG[39m [97m@wdio/browserstack-service[39m callback: called with events 4
[90m2024-07-31T21:31:10.584Z[39m [32mDEBUG[39m [97m@wdio/browserstack-service[39m [BATCH_DATA] Success response: {"success":true}
[90m2024-07-31T21:31:10.585Z[39m [32mDEBUG[39m [97m@wdio/browserstack-service[39m callback: marking events success 4
[90m2024-07-31T21:31:10.882Z[39m [32mDEBUG[39m [97m@wdio/browserstack-service[39m Added data to request queue. Queue length = 1
[90m2024-07-31T21:31:11.317Z[39m [32mDEBUG[39m [97m@wdio/browserstack-service[39m Added data to request queue. Queue length = 2
[90m2024-07-31T21:31:11.645Z[39m [32mDEBUG[39m [97m@wdio/browserstack-service[39m Added data to request queue. Queue length = 3
[90m2024-07-31T21:31:12.321Z[39m [32mDEBUG[39m [97m@wdio/browserstack-service[39m Added data to request queue. Queue length = 4
[90m2024-07-31T21:31:12.322Z[39m [32mDEBUG[39m [97m@wdio/browserstack-service[39m calling testFinished
[90m2024-07-31T21:31:12.322Z[39m [32mDEBUG[39m [97m@wdio/browserstack-service[39m Added data to request queue. Queue length = 5
[90m2024-07-31T21:31:12.322Z[39m [32mDEBUG[39m [97m@wdio/browserstack-service[39m Accessibility after test hook. Before sending test stop event
[90m2024-07-31T21:31:12.325Z[39m [96mINFO[39m [97m@wdio/browserstack-service[39m Update job with sessionId 909f3b0998b8cc76e7fef685de2000d3a43884e1
[90m2024-07-31T21:31:12.325Z[39m [32mDEBUG[39m [97m@wdio/browserstack-service[39m Updating Browserstack session at https://api-cloud.browserstack.com/app-automate/sessions/909f3b0998b8cc76e7fef685de2000d3a43884e1.json with request body: 
[90m2024-07-31T21:31:12.378Z[39m [32mDEBUG[39m [97m@wdio/browserstack-service[39m Sending data from request queue. Data length = 5, Queue length after removal = 0
[90m2024-07-31T21:31:12.378Z[39m [32mDEBUG[39m [97m@wdio/browserstack-service[39m calling callback with kind INTERVAL_QUEUE
[90m2024-07-31T21:31:12.378Z[39m [32mDEBUG[39m [97m@wdio/browserstack-service[39m callback: called with events 5
[90m2024-07-31T21:31:12.536Z[39m [32mDEBUG[39m [97m@wdio/browserstack-service[39m [BATCH_DATA] Success response: {"success":true}
[90m2024-07-31T21:31:12.536Z[39m [32mDEBUG[39m [97m@wdio/browserstack-service[39m callback: marking events success 5
[90m2024-07-31T21:31:13.375Z[39m [32mDEBUG[39m [97m@wdio/browserstack-service[39m teardown started
[90m2024-07-31T21:31:13.375Z[39m [32mDEBUG[39m [97m@wdio/browserstack-service[39m shutdown started
[90m2024-07-31T21:31:13.375Z[39m [32mDEBUG[39m [97m@wdio/browserstack-service[39m Shutting down request queue
[90m2024-07-31T21:31:13.375Z[39m [32mDEBUG[39m [97m@wdio/browserstack-service[39m shutdown ended
[90m2024-07-31T21:31:13.375Z[39m [32mDEBUG[39m [97m@wdio/browserstack-service[39m teardown ended
[90m2024-07-31T21:31:13.987Z[39m [32mDEBUG[39m [97m@wdio/browserstack-service[39m Added data to request queue. Queue length = 1
[90m2024-07-31T21:31:13.987Z[39m [32mDEBUG[39m [97m@wdio/browserstack-service[39m Force request-queue shutdown, as test run event is received after teardown
[90m2024-07-31T21:31:13.987Z[39m [32mDEBUG[39m [97m@wdio/browserstack-service[39m Sending data from request queue. Data length = 1, Queue length after removal = 0
[90m2024-07-31T21:31:13.987Z[39m [32mDEBUG[39m [97m@wdio/browserstack-service[39m calling callback with kind INTERVAL_QUEUE
[90m2024-07-31T21:31:13.987Z[39m [32mDEBUG[39m [97m@wdio/browserstack-service[39m callback: called with events 1
[90m2024-07-31T21:31:35.919Z[39m [32mDEBUG[39m [97m@wdio/browserstack-service[39m Requesting Browserstack session URL at https://api-cloud.browserstack.com/app-automate/sessions/bbdfe8323d6a59d3d1c8c5618edd1366577b85e9.json
[90m2024-07-31T21:31:36.890Z[39m [96mINFO[39m [97m@wdio/browserstack-service[39m  session: https://app-automate.browserstack.com/builds/29f198a00260297f63164138ae66a2eaef2e1b6c/sessions/bbdfe8323d6a59d3d1c8c5618edd1366577b85e9
[90m2024-07-31T21:31:36.892Z[39m [96mINFO[39m [97m@wdio/browserstack-service[39m Update job with sessionId bbdfe8323d6a59d3d1c8c5618edd1366577b85e9
[90m2024-07-31T21:31:36.892Z[39m [32mDEBUG[39m [97m@wdio/browserstack-service[39m Updating Browserstack session at https://api-cloud.browserstack.com/app-automate/sessions/bbdfe8323d6a59d3d1c8c5618edd1366577b85e9.json with request body: 
[90m2024-07-31T21:31:37.308Z[39m [96mINFO[39m [97m@wdio/browserstack-service[39m Update job with sessionId bbdfe8323d6a59d3d1c8c5618edd1366577b85e9
[90m2024-07-31T21:31:37.308Z[39m [32mDEBUG[39m [97m@wdio/browserstack-service[39m Updating Browserstack session at https://api-cloud.browserstack.com/app-automate/sessions/bbdfe8323d6a59d3d1c8c5618edd1366577b85e9.json with request body: 
[90m2024-07-31T21:31:37.828Z[39m [32mDEBUG[39m [97m@wdio/browserstack-service[39m Added data to request queue. Queue length = 1
[90m2024-07-31T21:31:38.176Z[39m [32mDEBUG[39m [97m@wdio/browserstack-service[39m Added data to request queue. Queue length = 2
[90m2024-07-31T21:31:38.499Z[39m [32mDEBUG[39m [97m@wdio/browserstack-service[39m Added data to request queue. Queue length = 3
[90m2024-07-31T21:31:39.016Z[39m [32mDEBUG[39m [97m@wdio/browserstack-service[39m Added data to request queue. Queue length = 4
[90m2024-07-31T21:31:39.518Z[39m [32mDEBUG[39m [97m@wdio/browserstack-service[39m Added data to request queue. Queue length = 5
[90m2024-07-31T21:31:39.829Z[39m [32mDEBUG[39m [97m@wdio/browserstack-service[39m Sending data from request queue. Data length = 5, Queue length after removal = 0
[90m2024-07-31T21:31:39.830Z[39m [32mDEBUG[39m [97m@wdio/browserstack-service[39m calling callback with kind INTERVAL_QUEUE
[90m2024-07-31T21:31:39.830Z[39m [32mDEBUG[39m [97m@wdio/browserstack-service[39m callback: called with events 5
[90m2024-07-31T21:31:40.033Z[39m [32mDEBUG[39m [97m@wdio/browserstack-service[39m Added data to request queue. Queue length = 1
[90m2024-07-31T21:31:40.515Z[39m [32mDEBUG[39m [97m@wdio/browserstack-service[39m Added data to request queue. Queue length = 2
[90m2024-07-31T21:31:40.604Z[39m [32mDEBUG[39m [97m@wdio/browserstack-service[39m [BATCH_DATA] Success response: {"success":true}
[90m2024-07-31T21:31:40.604Z[39m [32mDEBUG[39m [97m@wdio/browserstack-service[39m callback: marking events success 5
[90m2024-07-31T21:31:41.008Z[39m [32mDEBUG[39m [97m@wdio/browserstack-service[39m Added data to request queue. Queue length = 3
[90m2024-07-31T21:31:41.498Z[39m [32mDEBUG[39m [97m@wdio/browserstack-service[39m Added data to request queue. Queue length = 4
[90m2024-07-31T21:31:41.831Z[39m [32mDEBUG[39m [97m@wdio/browserstack-service[39m Sending data from request queue. Data length = 4, Queue length after removal = 0
[90m2024-07-31T21:31:41.831Z[39m [32mDEBUG[39m [97m@wdio/browserstack-service[39m calling callback with kind INTERVAL_QUEUE
[90m2024-07-31T21:31:41.831Z[39m [32mDEBUG[39m [97m@wdio/browserstack-service[39m callback: called with events 4
[90m2024-07-31T21:31:42.030Z[39m [32mDEBUG[39m [97m@wdio/browserstack-service[39m [BATCH_DATA] Success response: {"success":true}
[90m2024-07-31T21:31:42.030Z[39m [32mDEBUG[39m [97m@wdio/browserstack-service[39m callback: marking events success 4
[90m2024-07-31T21:31:42.033Z[39m [32mDEBUG[39m [97m@wdio/browserstack-service[39m Added data to request queue. Queue length = 1
[90m2024-07-31T21:31:42.543Z[39m [32mDEBUG[39m [97m@wdio/browserstack-service[39m Added data to request queue. Queue length = 2
[90m2024-07-31T21:31:43.070Z[39m [32mDEBUG[39m [97m@wdio/browserstack-service[39m Added data to request queue. Queue length = 3
[90m2024-07-31T21:31:43.503Z[39m [32mDEBUG[39m [97m@wdio/browserstack-service[39m Added data to request queue. Queue length = 4
[90m2024-07-31T21:31:43.831Z[39m [32mDEBUG[39m [97m@wdio/browserstack-service[39m Sending data from request queue. Data length = 4, Queue length after removal = 0
[90m2024-07-31T21:31:43.833Z[39m [32mDEBUG[39m [97m@wdio/browserstack-service[39m calling callback with kind INTERVAL_QUEUE
[90m2024-07-31T21:31:43.833Z[39m [32mDEBUG[39m [97m@wdio/browserstack-service[39m callback: called with events 4
[90m2024-07-31T21:31:44.000Z[39m [32mDEBUG[39m [97m@wdio/browserstack-service[39m [BATCH_DATA] Success response: {"success":true}
[90m2024-07-31T21:31:44.001Z[39m [32mDEBUG[39m [97m@wdio/browserstack-service[39m callback: marking events success 4
[90m2024-07-31T21:31:44.023Z[39m [32mDEBUG[39m [97m@wdio/browserstack-service[39m Added data to request queue. Queue length = 1
[90m2024-07-31T21:31:44.643Z[39m [32mDEBUG[39m [97m@wdio/browserstack-service[39m Added data to request queue. Queue length = 2
[90m2024-07-31T21:31:44.987Z[39m [32mDEBUG[39m [97m@wdio/browserstack-service[39m Added data to request queue. Queue length = 3
[90m2024-07-31T21:31:45.494Z[39m [32mDEBUG[39m [97m@wdio/browserstack-service[39m Added data to request queue. Queue length = 4
[90m2024-07-31T21:31:45.833Z[39m [32mDEBUG[39m [97m@wdio/browserstack-service[39m Sending data from request queue. Data length = 4, Queue length after removal = 0
[90m2024-07-31T21:31:45.833Z[39m [32mDEBUG[39m [97m@wdio/browserstack-service[39m calling callback with kind INTERVAL_QUEUE
[90m2024-07-31T21:31:45.833Z[39m [32mDEBUG[39m [97m@wdio/browserstack-service[39m callback: called with events 4
[90m2024-07-31T21:31:45.996Z[39m [32mDEBUG[39m [97m@wdio/browserstack-service[39m [BATCH_DATA] Success response: {"success":true}
[90m2024-07-31T21:31:45.996Z[39m [32mDEBUG[39m [97m@wdio/browserstack-service[39m callback: marking events success 4
[90m2024-07-31T21:31:45.999Z[39m [32mDEBUG[39m [97m@wdio/browserstack-service[39m Added data to request queue. Queue length = 1
[90m2024-07-31T21:31:46.514Z[39m [32mDEBUG[39m [97m@wdio/browserstack-service[39m Added data to request queue. Queue length = 2
[90m2024-07-31T21:31:47.048Z[39m [32mDEBUG[39m [97m@wdio/browserstack-service[39m Added data to request queue. Queue length = 3
[90m2024-07-31T21:31:47.560Z[39m [32mDEBUG[39m [97m@wdio/browserstack-service[39m Added data to request queue. Queue length = 4
[90m2024-07-31T21:31:47.834Z[39m [32mDEBUG[39m [97m@wdio/browserstack-service[39m Sending data from request queue. Data length = 4, Queue length after removal = 0
[90m2024-07-31T21:31:47.834Z[39m [32mDEBUG[39m [97m@wdio/browserstack-service[39m calling callback with kind INTERVAL_QUEUE
[90m2024-07-31T21:31:47.834Z[39m [32mDEBUG[39m [97m@wdio/browserstack-service[39m callback: called with events 4
[90m2024-07-31T21:31:48.001Z[39m [32mDEBUG[39m [97m@wdio/browserstack-service[39m [BATCH_DATA] Success response: {"success":true}
[90m2024-07-31T21:31:48.001Z[39m [32mDEBUG[39m [97m@wdio/browserstack-service[39m callback: marking events success 4
[90m2024-07-31T21:31:48.079Z[39m [32mDEBUG[39m [97m@wdio/browserstack-service[39m Added data to request queue. Queue length = 1
[90m2024-07-31T21:31:48.194Z[39m [32mDEBUG[39m [97m@wdio/browserstack-service[39m calling testFinished
[90m2024-07-31T21:31:48.194Z[39m [32mDEBUG[39m [97m@wdio/browserstack-service[39m Added data to request queue. Queue length = 2
[90m2024-07-31T21:31:48.194Z[39m [32mDEBUG[39m [97m@wdio/browserstack-service[39m Accessibility after test hook. Before sending test stop event
[90m2024-07-31T21:31:48.199Z[39m [96mINFO[39m [97m@wdio/browserstack-service[39m Update job with sessionId bbdfe8323d6a59d3d1c8c5618edd1366577b85e9
[90m2024-07-31T21:31:48.200Z[39m [32mDEBUG[39m [97m@wdio/browserstack-service[39m Updating Browserstack session at https://api-cloud.browserstack.com/app-automate/sessions/bbdfe8323d6a59d3d1c8c5618edd1366577b85e9.json with request body: 
[90m2024-07-31T21:31:49.368Z[39m [32mDEBUG[39m [97m@wdio/browserstack-service[39m Added data to request queue. Queue length = 3
[90m2024-07-31T21:31:49.752Z[39m [32mDEBUG[39m [97m@wdio/browserstack-service[39m Added data to request queue. Queue length = 4
[90m2024-07-31T21:31:49.834Z[39m [32mDEBUG[39m [97m@wdio/browserstack-service[39m Sending data from request queue. Data length = 4, Queue length after removal = 0
[90m2024-07-31T21:31:49.834Z[39m [32mDEBUG[39m [97m@wdio/browserstack-service[39m calling callback with kind INTERVAL_QUEUE
[90m2024-07-31T21:31:49.835Z[39m [32mDEBUG[39m [97m@wdio/browserstack-service[39m callback: called with events 4
[90m2024-07-31T21:31:50.035Z[39m [32mDEBUG[39m [97m@wdio/browserstack-service[39m [BATCH_DATA] Success response: {"success":true}
[90m2024-07-31T21:31:50.035Z[39m [32mDEBUG[39m [97m@wdio/browserstack-service[39m callback: marking events success 4
[90m2024-07-31T21:31:50.056Z[39m [32mDEBUG[39m [97m@wdio/browserstack-service[39m Added data to request queue. Queue length = 1
[90m2024-07-31T21:31:50.575Z[39m [32mDEBUG[39m [97m@wdio/browserstack-service[39m Added data to request queue. Queue length = 2
[90m2024-07-31T21:31:51.160Z[39m [32mDEBUG[39m [97m@wdio/browserstack-service[39m Added data to request queue. Queue length = 3
[90m2024-07-31T21:31:51.556Z[39m [32mDEBUG[39m [97m@wdio/browserstack-service[39m Added data to request queue. Queue length = 4
[90m2024-07-31T21:31:51.836Z[39m [32mDEBUG[39m [97m@wdio/browserstack-service[39m Sending data from request queue. Data length = 4, Queue length after removal = 0
[90m2024-07-31T21:31:51.836Z[39m [32mDEBUG[39m [97m@wdio/browserstack-service[39m calling callback with kind INTERVAL_QUEUE
[90m2024-07-31T21:31:51.836Z[39m [32mDEBUG[39m [97m@wdio/browserstack-service[39m callback: called with events 4
[90m2024-07-31T21:31:52.002Z[39m [32mDEBUG[39m [97m@wdio/browserstack-service[39m [BATCH_DATA] Success response: {"success":true}
[90m2024-07-31T21:31:52.002Z[39m [32mDEBUG[39m [97m@wdio/browserstack-service[39m callback: marking events success 4
[90m2024-07-31T21:31:52.078Z[39m [32mDEBUG[39m [97m@wdio/browserstack-service[39m Added data to request queue. Queue length = 1
[90m2024-07-31T21:31:52.580Z[39m [32mDEBUG[39m [97m@wdio/browserstack-service[39m Added data to request queue. Queue length = 2
[90m2024-07-31T21:31:53.068Z[39m [32mDEBUG[39m [97m@wdio/browserstack-service[39m Added data to request queue. Queue length = 3
[90m2024-07-31T21:31:53.562Z[39m [32mDEBUG[39m [97m@wdio/browserstack-service[39m Added data to request queue. Queue length = 4
[90m2024-07-31T21:31:53.837Z[39m [32mDEBUG[39m [97m@wdio/browserstack-service[39m Sending data from request queue. Data length = 4, Queue length after removal = 0
[90m2024-07-31T21:31:53.837Z[39m [32mDEBUG[39m [97m@wdio/browserstack-service[39m calling callback with kind INTERVAL_QUEUE
[90m2024-07-31T21:31:53.837Z[39m [32mDEBUG[39m [97m@wdio/browserstack-service[39m callback: called with events 4
[90m2024-07-31T21:31:54.082Z[39m [32mDEBUG[39m [97m@wdio/browserstack-service[39m Added data to request queue. Queue length = 1
[90m2024-07-31T21:31:54.086Z[39m [32mDEBUG[39m [97m@wdio/browserstack-service[39m [BATCH_DATA] Success response: {"success":true}
[90m2024-07-31T21:31:54.086Z[39m [32mDEBUG[39m [97m@wdio/browserstack-service[39m callback: marking events success 4
[90m2024-07-31T21:31:54.605Z[39m [32mDEBUG[39m [97m@wdio/browserstack-service[39m Added data to request queue. Queue length = 2
[90m2024-07-31T21:31:55.128Z[39m [32mDEBUG[39m [97m@wdio/browserstack-service[39m Added data to request queue. Queue length = 3
[90m2024-07-31T21:31:55.560Z[39m [32mDEBUG[39m [97m@wdio/browserstack-service[39m Added data to request queue. Queue length = 4
[90m2024-07-31T21:31:55.837Z[39m [32mDEBUG[39m [97m@wdio/browserstack-service[39m Sending data from request queue. Data length = 4, Queue length after removal = 0
[90m2024-07-31T21:31:55.837Z[39m [32mDEBUG[39m [97m@wdio/browserstack-service[39m calling callback with kind INTERVAL_QUEUE
[90m2024-07-31T21:31:55.837Z[39m [32mDEBUG[39m [97m@wdio/browserstack-service[39m callback: called with events 4
[90m2024-07-31T21:31:56.001Z[39m [32mDEBUG[39m [97m@wdio/browserstack-service[39m [BATCH_DATA] Success response: {"success":true}
[90m2024-07-31T21:31:56.001Z[39m [32mDEBUG[39m [97m@wdio/browserstack-service[39m callback: marking events success 4
[90m2024-07-31T21:31:56.046Z[39m [32mDEBUG[39m [97m@wdio/browserstack-service[39m Added data to request queue. Queue length = 1
[90m2024-07-31T21:31:56.557Z[39m [32mDEBUG[39m [97m@wdio/browserstack-service[39m Added data to request queue. Queue length = 2
[90m2024-07-31T21:31:57.054Z[39m [32mDEBUG[39m [97m@wdio/browserstack-service[39m Added data to request queue. Queue length = 3
[90m2024-07-31T21:31:57.750Z[39m [32mDEBUG[39m [97m@wdio/browserstack-service[39m Added data to request queue. Queue length = 4
[90m2024-07-31T21:31:57.838Z[39m [32mDEBUG[39m [97m@wdio/browserstack-service[39m Sending data from request queue. Data length = 4, Queue length after removal = 0
[90m2024-07-31T21:31:57.839Z[39m [32mDEBUG[39m [97m@wdio/browserstack-service[39m calling callback with kind INTERVAL_QUEUE
[90m2024-07-31T21:31:57.839Z[39m [32mDEBUG[39m [97m@wdio/browserstack-service[39m callback: called with events 4
[90m2024-07-31T21:31:57.996Z[39m [32mDEBUG[39m [97m@wdio/browserstack-service[39m [BATCH_DATA] Success response: {"success":true}
[90m2024-07-31T21:31:57.996Z[39m [32mDEBUG[39m [97m@wdio/browserstack-service[39m callback: marking events success 4
[90m2024-07-31T21:31:58.072Z[39m [32mDEBUG[39m [97m@wdio/browserstack-service[39m Added data to request queue. Queue length = 1
[90m2024-07-31T21:31:58.599Z[39m [32mDEBUG[39m [97m@wdio/browserstack-service[39m Added data to request queue. Queue length = 2
[90m2024-07-31T21:31:59.087Z[39m [32mDEBUG[39m [97m@wdio/browserstack-service[39m Added data to request queue. Queue length = 3
[90m2024-07-31T21:31:59.636Z[39m [32mDEBUG[39m [97m@wdio/browserstack-service[39m Added data to request queue. Queue length = 4
[90m2024-07-31T21:31:59.758Z[39m [32mDEBUG[39m [97m@wdio/browserstack-service[39m calling testFinished
[90m2024-07-31T21:31:59.758Z[39m [32mDEBUG[39m [97m@wdio/browserstack-service[39m Added data to request queue. Queue length = 5
[90m2024-07-31T21:31:59.758Z[39m [32mDEBUG[39m [97m@wdio/browserstack-service[39m Accessibility after test hook. Before sending test stop event
[90m2024-07-31T21:31:59.762Z[39m [96mINFO[39m [97m@wdio/browserstack-service[39m Update job with sessionId bbdfe8323d6a59d3d1c8c5618edd1366577b85e9
[90m2024-07-31T21:31:59.762Z[39m [32mDEBUG[39m [97m@wdio/browserstack-service[39m Updating Browserstack session at https://api-cloud.browserstack.com/app-automate/sessions/bbdfe8323d6a59d3d1c8c5618edd1366577b85e9.json with request body: 
[90m2024-07-31T21:31:59.840Z[39m [32mDEBUG[39m [97m@wdio/browserstack-service[39m Sending data from request queue. Data length = 5, Queue length after removal = 0
[90m2024-07-31T21:31:59.840Z[39m [32mDEBUG[39m [97m@wdio/browserstack-service[39m calling callback with kind INTERVAL_QUEUE
[90m2024-07-31T21:31:59.840Z[39m [32mDEBUG[39m [97m@wdio/browserstack-service[39m callback: called with events 5
[90m2024-07-31T21:32:00.017Z[39m [32mDEBUG[39m [97m@wdio/browserstack-service[39m [BATCH_DATA] Success response: {"success":true}
[90m2024-07-31T21:32:00.017Z[39m [32mDEBUG[39m [97m@wdio/browserstack-service[39m callback: marking events success 5
[90m2024-07-31T21:32:00.133Z[39m [32mDEBUG[39m [97m@wdio/browserstack-service[39m Added data to request queue. Queue length = 1
[90m2024-07-31T21:32:01.139Z[39m [32mDEBUG[39m [97m@wdio/browserstack-service[39m teardown started
[90m2024-07-31T21:32:01.139Z[39m [32mDEBUG[39m [97m@wdio/browserstack-service[39m shutdown started
[90m2024-07-31T21:32:01.139Z[39m [32mDEBUG[39m [97m@wdio/browserstack-service[39m Shutting down request queue
[90m2024-07-31T21:32:01.139Z[39m [32mDEBUG[39m [97m@wdio/browserstack-service[39m calling callback with kind SHUTDOWN_QUEUE
[90m2024-07-31T21:32:01.139Z[39m [32mDEBUG[39m [97m@wdio/browserstack-service[39m callback: called with events 1
[90m2024-07-31T21:32:01.297Z[39m [32mDEBUG[39m [97m@wdio/browserstack-service[39m [BATCH_DATA] Success response: {"success":true}
[90m2024-07-31T21:32:01.297Z[39m [32mDEBUG[39m [97m@wdio/browserstack-service[39m callback: marking events success 1
[90m2024-07-31T21:32:01.297Z[39m [32mDEBUG[39m [97m@wdio/browserstack-service[39m shutdown ended
[90m2024-07-31T21:32:01.297Z[39m [32mDEBUG[39m [97m@wdio/browserstack-service[39m teardown ended
[90m2024-07-31T21:32:01.965Z[39m [32mDEBUG[39m [97m@wdio/browserstack-service[39m Added data to request queue. Queue length = 1
[90m2024-07-31T21:32:01.965Z[39m [32mDEBUG[39m [97m@wdio/browserstack-service[39m Force request-queue shutdown, as test run event is received after teardown
[90m2024-07-31T21:32:01.965Z[39m [32mDEBUG[39m [97m@wdio/browserstack-service[39m Sending data from request queue. Data length = 1, Queue length after removal = 0
[90m2024-07-31T21:32:01.965Z[39m [32mDEBUG[39m [97m@wdio/browserstack-service[39m calling callback with kind INTERVAL_QUEUE
[90m2024-07-31T21:32:01.965Z[39m [32mDEBUG[39m [97m@wdio/browserstack-service[39m callback: called with events 1
[90m2024-07-31T21:32:02.086Z[39m [32mDEBUG[39m [97m@wdio/browserstack-service[39m Inside OnComplete hook..
[90m2024-07-31T21:32:02.086Z[39m [32mDEBUG[39m [97m@wdio/browserstack-service[39m Sending stop launch event
[90m2024-07-31T21:32:02.250Z[39m [32mDEBUG[39m [97m@wdio/browserstack-service[39m [STOP_BUILD] Success response: ""
[90m2024-07-31T21:32:02.252Z[39m [32mDEBUG[39m [97m@wdio/browserstack-service[39m Reading worker file worker-data-22616.json
[90m2024-07-31T21:32:02.253Z[39m [32mDEBUG[39m [97m@wdio/browserstack-service[39m Reading worker file worker-data-22908.json
[90m2024-07-31T21:32:02.257Z[39m [32mDEBUG[39m [97m@wdio/browserstack-service[39m Sending SDK event with data {
  userName: 'leonardolima_CgfLm5',
  accessKey: 'ciBf1PHXqNysf7H1qAzj',
  event_type: 'SDKTestSuccessful',
  detectedFramework: 'WebdriverIO-mocha',
  event_properties: {
    language_framework: 'WebdriverIO_mocha',
    referrer: 'WebdriverIO-mocha/8.39.1',
    language: 'WebdriverIO',
    languageVersion: 'v21.6.1',
    buildName: 'browserstack',
    buildIdentifier: 'undefined',
    sdkRunId: 'd642730d-f8ee-4b6e-b485-8047cbf550ba',
    os: 'Darwin',
    hostname: 'Leonardos-Laptop.local',
    productMap: {
      observability: true,
      accessibility: false,
      percy: false,
      automate: false,
      app_automate: true
    },
    product: [ 'observability', 'app-automate' ],
    testhub_uuid: 'pghxnsh9bqiyym3prtqccggjhpmngfdyka5xxmg8',
    productUsage: {
      testObservability: {
        enabled: true,
        manuallySet: false,
        buildHashedId: 'pghxnsh9bqiyym3prtqccggjhpmngfdyka5xxmg8',
        events: {
          buildEvents: {
            started: { isTriggered: true, status: 'success', error: undefined },
            finished: { isTriggered: true, status: 'success', error: undefined }
          },
          testEvents: {
            started: { triggeredCount: 3, sentCount: 3, failedCount: 0 },
            finished: { triggeredCount: 3, sentCount: 3, failedCount: 0 },
            passed: { triggeredCount: 1, sentCount: 1, failedCount: 0 },
            failed: { triggeredCount: 2, sentCount: 2, failedCount: 0 }
          },
          hookEvents: {
            started: { triggeredCount: 0, sentCount: 0, failedCount: 0 },
            finished: { triggeredCount: 0, sentCount: 0, failedCount: 0 }
          },
          logEvents: {
            triggeredCount: 55,
            sentCount: 55,
            failedCount: 0,
            http: { triggeredCount: 55, sentCount: 55, failedCount: 0 }
          },
          cbtSessionEvents: { triggeredCount: 0, sentCount: 0, failedCount: 0 }
        }
      }
    }
  }
}
[90m2024-07-31T21:32:02.509Z[39m [32mDEBUG[39m [97m@wdio/browserstack-service[39m Funnel event success
[90m2024-07-31T21:32:03.357Z[39m [32mDEBUG[39m [97m@wdio/browserstack-service[39m Response - {
  status: 'success',
  message: 'Logs upload successful in file - logs.gz'
}
